<?xml version="1.0" encoding="UTF-8"?>
<testsuite xmlns:xsi="http://www.w3.org/2001/XMLSchema-instance" xsi:noNamespaceSchemaLocation="https://maven.apache.org/surefire/maven-surefire-plugin/xsd/surefire-test-report.xsd" name="co.edu.unicauca.openmarket.domain.service.ProductServiceTest" time="1.167" tests="21" errors="0" skipped="0" failures="0">
  <properties>
    <property name="java.specification.version" value="14"/>
    <property name="sun.cpu.isalist" value="amd64"/>
    <property name="sun.jnu.encoding" value="Cp1252"/>
    <property name="java.class.path" value="C:\Users\jefit\Desktop\Temp\Ing Soft 2\CrudProducts\target\test-classes;C:\Users\jefit\Desktop\Temp\Ing Soft 2\CrudProducts\target\classes;C:\Users\jefit\.m2\repository\org\xerial\sqlite-jdbc\3.32.3.2\sqlite-jdbc-3.32.3.2.jar;C:\Users\jefit\.m2\repository\org\netbeans\external\AbsoluteLayout\RELEASE120\AbsoluteLayout-RELEASE120.jar;C:\Users\jefit\.m2\repository\org\junit\jupiter\junit-jupiter-api\5.6.0\junit-jupiter-api-5.6.0.jar;C:\Users\jefit\.m2\repository\org\apiguardian\apiguardian-api\1.1.0\apiguardian-api-1.1.0.jar;C:\Users\jefit\.m2\repository\org\opentest4j\opentest4j\1.2.0\opentest4j-1.2.0.jar;C:\Users\jefit\.m2\repository\org\junit\platform\junit-platform-commons\1.6.0\junit-platform-commons-1.6.0.jar;C:\Users\jefit\.m2\repository\org\junit\jupiter\junit-jupiter-params\5.6.0\junit-jupiter-params-5.6.0.jar;C:\Users\jefit\.m2\repository\org\junit\jupiter\junit-jupiter-engine\5.6.0\junit-jupiter-engine-5.6.0.jar;C:\Users\jefit\.m2\repository\org\junit\platform\junit-platform-engine\1.6.0\junit-platform-engine-1.6.0.jar;"/>
    <property name="java.vm.vendor" value="Oracle Corporation"/>
    <property name="sun.arch.data.model" value="64"/>
    <property name="user.variant" value=""/>
    <property name="java.vendor.url" value="https://java.oracle.com/"/>
    <property name="user.timezone" value="America/Bogota"/>
    <property name="os.name" value="Windows 10"/>
    <property name="java.vm.specification.version" value="14"/>
    <property name="user.country" value="419"/>
    <property name="sun.java.launcher" value="SUN_STANDARD"/>
    <property name="sun.boot.library.path" value="C:\Users\jefit\Downloads\jdk-14.0.2\bin"/>
    <property name="sun.java.command" value="C:\Users\jefit\AppData\Local\Temp\surefire2387453246919306527\surefirebooter2763448234323487880.jar C:\Users\jefit\AppData\Local\Temp\surefire2387453246919306527 2023-09-10T13-10-33_498-jvmRun1 surefire5462591626086203166tmp surefire_05469293385218467864tmp"/>
    <property name="jdk.debug" value="release"/>
    <property name="test" value="co.edu.unicauca.openmarket.domain.service.ProductServiceTest"/>
    <property name="surefire.test.class.path" value="C:\Users\jefit\Desktop\Temp\Ing Soft 2\CrudProducts\target\test-classes;C:\Users\jefit\Desktop\Temp\Ing Soft 2\CrudProducts\target\classes;C:\Users\jefit\.m2\repository\org\xerial\sqlite-jdbc\3.32.3.2\sqlite-jdbc-3.32.3.2.jar;C:\Users\jefit\.m2\repository\org\netbeans\external\AbsoluteLayout\RELEASE120\AbsoluteLayout-RELEASE120.jar;C:\Users\jefit\.m2\repository\org\junit\jupiter\junit-jupiter-api\5.6.0\junit-jupiter-api-5.6.0.jar;C:\Users\jefit\.m2\repository\org\apiguardian\apiguardian-api\1.1.0\apiguardian-api-1.1.0.jar;C:\Users\jefit\.m2\repository\org\opentest4j\opentest4j\1.2.0\opentest4j-1.2.0.jar;C:\Users\jefit\.m2\repository\org\junit\platform\junit-platform-commons\1.6.0\junit-platform-commons-1.6.0.jar;C:\Users\jefit\.m2\repository\org\junit\jupiter\junit-jupiter-params\5.6.0\junit-jupiter-params-5.6.0.jar;C:\Users\jefit\.m2\repository\org\junit\jupiter\junit-jupiter-engine\5.6.0\junit-jupiter-engine-5.6.0.jar;C:\Users\jefit\.m2\repository\org\junit\platform\junit-platform-engine\1.6.0\junit-platform-engine-1.6.0.jar;"/>
    <property name="sun.cpu.endian" value="little"/>
    <property name="user.home" value="C:\Users\jefit"/>
    <property name="user.language" value="es"/>
    <property name="java.specification.vendor" value="Oracle Corporation"/>
    <property name="java.version.date" value="2020-07-14"/>
    <property name="java.home" value="C:\Users\jefit\Downloads\jdk-14.0.2"/>
    <property name="file.separator" value="\"/>
    <property name="basedir" value="C:\Users\jefit\Desktop\Temp\Ing Soft 2\CrudProducts"/>
    <property name="java.vm.compressedOopsMode" value="32-bit"/>
    <property name="line.separator" value="&#10;"/>
    <property name="java.vm.specification.vendor" value="Oracle Corporation"/>
    <property name="java.specification.name" value="Java Platform API Specification"/>
    <property name="surefire.real.class.path" value="C:\Users\jefit\AppData\Local\Temp\surefire2387453246919306527\surefirebooter2763448234323487880.jar"/>
    <property name="user.script" value=""/>
    <property name="sun.management.compiler" value="HotSpot 64-Bit Tiered Compilers"/>
    <property name="java.runtime.version" value="14.0.2+12-46"/>
    <property name="user.name" value="jefit"/>
    <property name="path.separator" value=";"/>
    <property name="os.version" value="10.0"/>
    <property name="java.runtime.name" value="OpenJDK Runtime Environment"/>
    <property name="file.encoding" value="Cp1252"/>
    <property name="java.vm.name" value="OpenJDK 64-Bit Server VM"/>
    <property name="maven.ext.class.path" value="C:\Program Files\NetBeans-17\netbeans\java\maven-nblib\netbeans-eventspy.jar"/>
    <property name="localRepository" value="C:\Users\jefit\.m2\repository"/>
    <property name="java.vendor.url.bug" value="https://bugreport.java.com/bugreport/"/>
    <property name="java.io.tmpdir" value="C:\Users\jefit\AppData\Local\Temp\"/>
    <property name="java.version" value="14.0.2"/>
    <property name="user.dir" value="C:\Users\jefit\Desktop\Temp\Ing Soft 2\CrudProducts"/>
    <property name="os.arch" value="amd64"/>
    <property name="java.vm.specification.name" value="Java Virtual Machine Specification"/>
    <property name="sun.os.patch.level" value=""/>
    <property name="java.library.path" value="C:\Users\jefit\Downloads\jdk-14.0.2\bin;C:\Windows\Sun\Java\bin;C:\Windows\system32;C:\Windows;C:\Program Files\Common Files\Oracle\Java\javapath;C:\Program Files (x86)\Common Files\Oracle\Java\javapath;C:\app\jefit\product\21c\dbhomeXE\bin;C:\Windows\system32;C:\Windows;C:\Windows\System32\Wbem;C:\Windows\System32\WindowsPowerShell\v1.0\;C:\Windows\System32\OpenSSH\;C:\Program Files (x86)\Microsoft SQL Server\160\Tools\Binn\;C:\Program Files\Microsoft SQL Server\160\Tools\Binn\;C:\Program Files\Microsoft SQL Server\Client SDK\ODBC\170\Tools\Binn\;C:\Program Files\Microsoft SQL Server\160\DTS\Binn\;C:\Program Files (x86)\Microsoft SQL Server\160\DTS\Binn\;C:\Program Files\Azure Data Studio\bin;C:\Program Files\dotnet\;C:\Program Files\Microsoft SQL Server\150\Tools\Binn\;C:\Program Files\Git\cmd;C:\Program Files\Zulu\zulu-14\bin\;C:\Users\jefit\AppData\Local\Microsoft\WindowsApps;C:\intelFPGA\18.0\modelsim_ase\win32aloem;C:\intelFPGA\17.0\modelsim_ase\win32aloem;C:\intelFPGA\20.1\modelsim_ase\win32aloem;C:\Program Files\Azure Data Studio\bin;C:\Users\jefit\.dotnet\tools;C:\Users\jefit\AppData\Local\GitHubDesktop\bin;C:\Users\jefit\AppData\Local\Programs\Microsoft VS Code\bin;."/>
    <property name="java.vm.info" value="mixed mode, sharing"/>
    <property name="java.vendor" value="Oracle Corporation"/>
    <property name="java.vm.version" value="14.0.2+12-46"/>
    <property name="sun.io.unicode.encoding" value="UnicodeLittle"/>
    <property name="java.class.version" value="58.0"/>
  </properties>
  <testcase name="testFindProductByNameNoResult" classname="co.edu.unicauca.openmarket.domain.service.ProductServiceTest" time="0.065"/>
  <testcase name="testFindProductByNameOneResult" classname="co.edu.unicauca.openmarket.domain.service.ProductServiceTest" time="0.05"/>
  <testcase name="testSaveProductEmptyName" classname="co.edu.unicauca.openmarket.domain.service.ProductServiceTest" time="0.028"/>
  <testcase name="testFindProductByCategoryNoResult" classname="co.edu.unicauca.openmarket.domain.service.ProductServiceTest" time="0.057"/>
  <testcase name="testFindProductByIdSuccesfull" classname="co.edu.unicauca.openmarket.domain.service.ProductServiceTest" time="0.038"/>
  <testcase name="testEditProductNegativeId" classname="co.edu.unicauca.openmarket.domain.service.ProductServiceTest" time="0.038"/>
  <testcase name="testEditProductNotFound" classname="co.edu.unicauca.openmarket.domain.service.ProductServiceTest" time="0.047"/>
  <testcase name="testEditProductNull" classname="co.edu.unicauca.openmarket.domain.service.ProductServiceTest" time="0.038"/>
  <testcase name="testEditProductEmptyName" classname="co.edu.unicauca.openmarket.domain.service.ProductServiceTest" time="0.042"/>
  <testcase name="testDeleteProductSuccesfull" classname="co.edu.unicauca.openmarket.domain.service.ProductServiceTest" time="0.046"/>
  <testcase name="testFindProductByNameMultResult" classname="co.edu.unicauca.openmarket.domain.service.ProductServiceTest" time="0.057"/>
  <testcase name="testFindProductByCategoryMultResult" classname="co.edu.unicauca.openmarket.domain.service.ProductServiceTest" time="0.065"/>
  <testcase name="testSaveProductEmptyDescription" classname="co.edu.unicauca.openmarket.domain.service.ProductServiceTest" time="0.04"/>
  <testcase name="testFindProductByCategoryOneResult" classname="co.edu.unicauca.openmarket.domain.service.ProductServiceTest" time="0.064"/>
  <testcase name="testFindAllProductsSuccesfull" classname="co.edu.unicauca.openmarket.domain.service.ProductServiceTest" time="0.059"/>
  <testcase name="testFindProductByIdNotFound" classname="co.edu.unicauca.openmarket.domain.service.ProductServiceTest" time="0.034"/>
  <testcase name="testDeleteProductNegativeId" classname="co.edu.unicauca.openmarket.domain.service.ProductServiceTest" time="0.026"/>
  <testcase name="testDeleteProductNotFound" classname="co.edu.unicauca.openmarket.domain.service.ProductServiceTest" time="0.032"/>
  <testcase name="testFindAllProductsEmpty" classname="co.edu.unicauca.openmarket.domain.service.ProductServiceTest" time="0.029"/>
  <testcase name="testSaveProductSuccesfull" classname="co.edu.unicauca.openmarket.domain.service.ProductServiceTest" time="0.036"/>
  <testcase name="testEditProductSuccesfull" classname="co.edu.unicauca.openmarket.domain.service.ProductServiceTest" time="0.046"/>
</testsuite>